app/build/outputs/logs/manifest-merger-debug-report.txt
-- Merging decision tree log ---
provider#android.support.v4.content.FileProvider
INJECTED from src\main\AndroidManifest.xml:119:9-127:20
	android:grantUriPermissions
		ADDED from src\main\AndroidManifest.xml:123:13-47
	android:authorities
		INJECTED from src\main\AndroidManifest.xml
		ADDED from src\main\AndroidManifest.xml:121:13-64
	android:exported
		ADDED from src\main\AndroidManifest.xml:122:13-37
	android:name
		ADDED from src\main\AndroidManifest.xml:120:13-67
manifest
ADDED from src\main\AndroidManifest.xml:2:1-202:12
INJECTED from src\main\AndroidManifest.xml:2:1-202:12
INJECTED from src\main\AndroidManifest.xml:2:1-202:12
INJECTED from src\main\AndroidManifest.xml:2:1-202:12
MERGED from [cn.jzvd:jiaozivideoplayer:6.2.9] AndroidManifest.xml:2:1-13:12
MERGED from [com.hyphenate:hyphenate-sdk:3.3.0] AndroidManifest.xml:2:1-17:12
MERGED from [com.github.CymChad:BaseRecyclerViewAdapterHelper:2.9.30] AndroidManifest.xml:2:1-11:12
MERGED from [com.android.support:design:26.1.0] AndroidManifest.xml:17:1-31:12
MERGED from [com.allenliu.versionchecklib:library:1.6.7] AndroidManifest.xml:2:1-42:12
MERGED from [com.github.fangx:haorefresh:1.0] AndroidManifest.xml:2:1-17:12
MERGED from [com.wang.avi:library:1.0.1] AndroidManifest.xml:2:1-16:12
MERGED from [com.github.eschao:android-PageFlip:1.0.2] AndroidManifest.xml:2:1-17:12
MERGED from [com.haibin:calendarview:3.4.0] AndroidManifest.xml:2:1-12:12
MERGED from [com.android.support:appcompat-v7:26.1.0] AndroidManifest.xml:17:1-31:12
MERGED from [com.android.support:recyclerview-v7:26.1.0] AndroidManifest.xml:17:1-28:12
MERGED from [com.github.hotchemi:permissionsdispatcher:2.3.1] AndroidManifest.xml:2:1-11:12
MERGED from [com.google.android.gms:play-services-places:10.2.1] AndroidManifest.xml:16:1-19:12
MERGED from [com.google.android.gms:play-services-maps:10.2.1] AndroidManifest.xml:16:1-25:12
MERGED from [com.android.support:multidex:1.0.2] AndroidManifest.xml:17:1-22:12
MERGED from [com.tencent.bugly:crashreport_upgrade:1.3.4] AndroidManifest.xml:2:1-207:12
MERGED from [com.tencent.bugly:nativecrashreport:3.3.1] AndroidManifest.xml:2:1-9:12
MERGED from [com.lzy.net:okgo:2.1.4] AndroidManifest.xml:2:1-16:12
MERGED from [com.github.zhaokaiqiang.klog:library:1.6.0] AndroidManifest.xml:2:1-13:12
MERGED from [com.google.maps.android:android-maps-utils:0.4.4] AndroidManifest.xml:2:1-13:12
MERGED from [com.github.yuweiguocn:GreenDaoUpgradeHelper:v1.3.0] AndroidManifest.xml:2:1-16:12
MERGED from [cn.jiguang.sdk:jpush:3.1.1] AndroidManifest.xml:2:1-133:12
MERGED from [cn.jiguang.sdk:jcore:1.1.9] AndroidManifest.xml:2:1-14:12
MERGED from [io.reactivex:rxandroid:1.1.0] AndroidManifest.xml:15:1-21:12
MERGED from [com.facebook.fresco:fresco:0.8.1] AndroidManifest.xml:2:1-9:12
MERGED from [com.android.support:cardview-v7:23.1.1] AndroidManifest.xml:17:1-24:12
MERGED from [com.android.support.constraint:constraint-layout:1.0.2] AndroidManifest.xml:2:1-11:12
MERGED from [com.jakewharton:butterknife:8.8.1] AndroidManifest.xml:2:1-7:12
MERGED from [com.orhanobut:logger:2.1.1] AndroidManifest.xml:2:1-8:12
MERGED from [com.android.support:transition:26.1.0] AndroidManifest.xml:17:1-28:12
MERGED from [com.android.support:animated-vector-drawable:26.1.0] AndroidManifest.xml:17:1-28:12
MERGED from [com.android.support:support-vector-drawable:26.1.0] AndroidManifest.xml:17:1-28:12
MERGED from [com.facebook.fresco:imagepipeline:0.8.1] AndroidManifest.xml:2:1-9:12
MERGED from [com.facebook.fresco:drawee:0.8.1] AndroidManifest.xml:2:1-9:12
MERGED from [com.google.android.gms:play-services-base:10.2.1] AndroidManifest.xml:16:1-21:12
MERGED from [com.google.android.gms:play-services-tasks:10.2.1] AndroidManifest.xml:2:1-5:12
MERGED from [com.google.android.gms:play-services-basement:10.2.1] AndroidManifest.xml:16:1-23:12
MERGED from [com.android.support:support-v4:26.1.0] AndroidManifest.xml:17:1-31:12
MERGED from [com.android.support:support-fragment:26.1.0] AndroidManifest.xml:17:1-31:12
MERGED from [com.android.support:support-core-ui:26.1.0] AndroidManifest.xml:17:1-31:12
MERGED from [com.android.support:support-media-compat:26.1.0] AndroidManifest.xml:17:1-31:12
MERGED from [com.android.support:support-core-utils:26.1.0] AndroidManifest.xml:17:1-31:12
MERGED from [com.android.support:support-compat:26.1.0] AndroidManifest.xml:17:1-31:12
MERGED from [com.facebook.fresco:fbcore:0.8.1] AndroidManifest.xml:2:1-9:12
MERGED from [android.arch.lifecycle:runtime:1.0.0] AndroidManifest.xml:17:1-30:12
INJECTED from src\main\AndroidManifest.xml:2:1-202:12
INJECTED from src\main\AndroidManifest.xml:2:1-202:12
INJECTED from src\main\AndroidManifest.xml:2:1-202:12
	package
		ADDED from src\main\AndroidManifest.xml:4:5-40
		INJECTED from src\main\AndroidManifest.xml
		INJECTED from src\main\AndroidManifest.xml
	android:versionName
		INJECTED from src\main\AndroidManifest.xml
		ADDED from src\main\AndroidManifest.xml:2:1-202:12
		INJECTED from src\main\AndroidManifest.xml
	xmlns:tools
		ADDED from src\main\AndroidManifest.xml:3:5-51
	android:versionCode
		INJECTED from src\main\AndroidManifest.xml
		ADDED from src\main\AndroidManifest.xml:2:1-202:12
		INJECTED from src\main\AndroidManifest.xml
	xmlns:android
		ADDED from src\main\AndroidManifest.xml:2:11-69
uses-permission#android.permission.INTERNET
ADDED from src\main\AndroidManifest.xml:6:5-67
MERGED from [com.allenliu.versionchecklib:library:1.6.7] AndroidManifest.xml:11:5-67
MERGED from [com.allenliu.versionchecklib:library:1.6.7] AndroidManifest.xml:11:5-67
MERGED from [com.google.android.gms:play-services-maps:10.2.1] AndroidManifest.xml:20:5-66
MERGED from [com.google.android.gms:play-services-maps:10.2.1] AndroidManifest.xml:20:5-66
MERGED from [com.tencent.bugly:crashreport_upgrade:1.3.4] AndroidManifest.xml:12:5-67
MERGED from [com.tencent.bugly:crashreport_upgrade:1.3.4] AndroidManifest.xml:12:5-67
MERGED from [com.lzy.net:okgo:2.1.4] AndroidManifest.xml:11:5-67
MERGED from [com.lzy.net:okgo:2.1.4] AndroidManifest.xml:11:5-67
MERGED from [cn.jiguang.sdk:jpush:3.1.1] AndroidManifest.xml:18:5-67
MERGED from [cn.jiguang.sdk:jpush:3.1.1] AndroidManifest.xml:18:5-67
	android:name
		ADDED from src\main\AndroidManifest.xml:6:22-64
uses-permission#android.permission.VIBRATE
ADDED from src\main\AndroidManifest.xml:7:5-66
MERGED from [cn.jiguang.sdk:jpush:3.1.1] AndroidManifest.xml:24:5-66
MERGED from [cn.jiguang.sdk:jpush:3.1.1] AndroidManifest.xml:24:5-66
	android:name
		ADDED from src\main\AndroidManifest.xml:7:22-63
uses-permission#android.permission.RECORD_AUDIO
ADDED from src\main\AndroidManifest.xml:9:5-71
	android:name
		ADDED from src\main\AndroidManifest.xml:9:22-68
uses-permission#android.permission.CAMERA
ADDED from src\main\AndroidManifest.xml:10:5-65
	android:name
		ADDED from src\main\AndroidManifest.xml:10:22-62
uses-permission#android.permission.ACCESS_NETWORK_STATE
ADDED from src\main\AndroidManifest.xml:11:5-79
MERGED from [cn.jzvd:jiaozivideoplayer:6.2.9] AndroidManifest.xml:11:5-79
MERGED from [cn.jzvd:jiaozivideoplayer:6.2.9] AndroidManifest.xml:11:5-79
MERGED from [com.google.android.gms:play-services-maps:10.2.1] AndroidManifest.xml:19:5-78
MERGED from [com.google.android.gms:play-services-maps:10.2.1] AndroidManifest.xml:19:5-78
MERGED from [com.tencent.bugly:crashreport_upgrade:1.3.4] AndroidManifest.xml:13:5-79
MERGED from [com.tencent.bugly:crashreport_upgrade:1.3.4] AndroidManifest.xml:13:5-79
MERGED from [cn.jiguang.sdk:jpush:3.1.1] AndroidManifest.xml:26:5-79
MERGED from [cn.jiguang.sdk:jpush:3.1.1] AndroidManifest.xml:26:5-79
	android:name
		ADDED from src\main\AndroidManifest.xml:11:22-76
uses-permission#android.permission.ACCESS_MOCK_LOCATION
ADDED from src\main\AndroidManifest.xml:12:5-14:39
	tools:ignore
		ADDED from src\main\AndroidManifest.xml:14:9-36
	android:name
		ADDED from src\main\AndroidManifest.xml:13:9-63
uses-permission#android.permission.WRITE_EXTERNAL_STORAGE
ADDED from src\main\AndroidManifest.xml:15:5-81
MERGED from [com.allenliu.versionchecklib:library:1.6.7] AndroidManifest.xml:12:5-81
MERGED from [com.allenliu.versionchecklib:library:1.6.7] AndroidManifest.xml:12:5-81
MERGED from [com.tencent.bugly:crashreport_upgrade:1.3.4] AndroidManifest.xml:16:5-81
MERGED from [com.tencent.bugly:crashreport_upgrade:1.3.4] AndroidManifest.xml:16:5-81
MERGED from [com.lzy.net:okgo:2.1.4] AndroidManifest.xml:13:5-81
MERGED from [com.lzy.net:okgo:2.1.4] AndroidManifest.xml:13:5-81
MERGED from [com.github.zhaokaiqiang.klog:library:1.6.0] AndroidManifest.xml:11:5-81
MERGED from [com.github.zhaokaiqiang.klog:library:1.6.0] AndroidManifest.xml:11:5-81
MERGED from [cn.jiguang.sdk:jpush:3.1.1] AndroidManifest.xml:21:5-81
MERGED from [cn.jiguang.sdk:jpush:3.1.1] AndroidManifest.xml:21:5-81
	android:name
		ADDED from src\main\AndroidManifest.xml:15:22-78
uses-permission#android.permission.MOUNT_UNMOUNT_FILESYSTEMS
ADDED from src\main\AndroidManifest.xml:16:5-84
MERGED from [com.lzy.net:okgo:2.1.4] AndroidManifest.xml:14:5-84
MERGED from [com.lzy.net:okgo:2.1.4] AndroidManifest.xml:14:5-84
MERGED from [cn.jiguang.sdk:jpush:3.1.1] AndroidManifest.xml:25:5-84
MERGED from [cn.jiguang.sdk:jpush:3.1.1] AndroidManifest.xml:25:5-84
	android:name
		ADDED from src\main\AndroidManifest.xml:16:22-81
uses-permission#android.permission.ACCESS_FINE_LOCATION
ADDED from src\main\AndroidManifest.xml:17:5-79
MERGED from [com.hyphenate:hyphenate-sdk:3.3.0] AndroidManifest.xml:14:5-79
MERGED from [com.hyphenate:hyphenate-sdk:3.3.0] AndroidManifest.xml:14:5-79
MERGED from [cn.jiguang.sdk:jpush:3.1.1] AndroidManifest.xml:33:5-79
MERGED from [cn.jiguang.sdk:jpush:3.1.1] AndroidManifest.xml:33:5-79
	android:name
		ADDED from src\main\AndroidManifest.xml:17:22-76
uses-permission#android.permission.ACCESS_WIFI_STATE
ADDED from src\main\AndroidManifest.xml:18:5-76
MERGED from [com.hyphenate:hyphenate-sdk:3.3.0] AndroidManifest.xml:15:5-76
MERGED from [com.hyphenate:hyphenate-sdk:3.3.0] AndroidManifest.xml:15:5-76
MERGED from [com.tencent.bugly:crashreport_upgrade:1.3.4] AndroidManifest.xml:14:5-76
MERGED from [com.tencent.bugly:crashreport_upgrade:1.3.4] AndroidManifest.xml:14:5-76
MERGED from [cn.jiguang.sdk:jpush:3.1.1] AndroidManifest.xml:27:5-76
MERGED from [cn.jiguang.sdk:jpush:3.1.1] AndroidManifest.xml:27:5-76
	android:name
		ADDED from src\main\AndroidManifest.xml:18:22-73
uses-permission#android.permission.CHANGE_WIFI_STATE
ADDED from src\main\AndroidManifest.xml:19:5-76
MERGED from [cn.jiguang.sdk:jpush:3.1.1] AndroidManifest.xml:32:5-76
MERGED from [cn.jiguang.sdk:jpush:3.1.1] AndroidManifest.xml:32:5-76
	android:name
		ADDED from src\main\AndroidManifest.xml:19:22-73
uses-permission#android.permission.WAKE_LOCK
ADDED from src\main\AndroidManifest.xml:20:5-68
MERGED from [cn.jiguang.sdk:jpush:3.1.1] AndroidManifest.xml:19:5-68
MERGED from [cn.jiguang.sdk:jpush:3.1.1] AndroidManifest.xml:19:5-68
	android:name
		ADDED from src\main\AndroidManifest.xml:20:22-65
uses-permission#android.permission.MODIFY_AUDIO_SETTINGS
ADDED from src\main\AndroidManifest.xml:21:5-80
	android:name
		ADDED from src\main\AndroidManifest.xml:21:22-77
uses-permission#android.permission.READ_PHONE_STATE
ADDED from src\main\AndroidManifest.xml:22:5-75
MERGED from [com.allenliu.versionchecklib:library:1.6.7] AndroidManifest.xml:14:5-75
MERGED from [com.allenliu.versionchecklib:library:1.6.7] AndroidManifest.xml:14:5-75
MERGED from [com.tencent.bugly:crashreport_upgrade:1.3.4] AndroidManifest.xml:11:5-75
MERGED from [com.tencent.bugly:crashreport_upgrade:1.3.4] AndroidManifest.xml:11:5-75
MERGED from [cn.jiguang.sdk:jpush:3.1.1] AndroidManifest.xml:20:5-75
MERGED from [cn.jiguang.sdk:jpush:3.1.1] AndroidManifest.xml:20:5-75
	android:name
		ADDED from src\main\AndroidManifest.xml:22:22-72
uses-permission#android.permission.RECEIVE_BOOT_COMPLETED
ADDED from src\main\AndroidManifest.xml:23:5-81
	android:name
		ADDED from src\main\AndroidManifest.xml:23:22-78
uses-permission#android.permission.CALL_PHONE
ADDED from src\main\AndroidManifest.xml:24:5-69
	android:name
		ADDED from src\main\AndroidManifest.xml:24:22-66
uses-permission#android.permission.READ_LOGS
ADDED from src\main\AndroidManifest.xml:26:5-68
MERGED from [com.tencent.bugly:crashreport_upgrade:1.3.4] AndroidManifest.xml:15:5-68
MERGED from [com.tencent.bugly:crashreport_upgrade:1.3.4] AndroidManifest.xml:15:5-68
	android:name
		ADDED from src\main\AndroidManifest.xml:26:22-65
uses-permission#android.permission.ACCESS_COARSE_LOCATION
ADDED from src\main\AndroidManifest.xml:31:5-81
MERGED from [com.hyphenate:hyphenate-sdk:3.3.0] AndroidManifest.xml:13:5-81
MERGED from [com.hyphenate:hyphenate-sdk:3.3.0] AndroidManifest.xml:13:5-81
MERGED from [cn.jiguang.sdk:jpush:3.1.1] AndroidManifest.xml:31:5-81
MERGED from [cn.jiguang.sdk:jpush:3.1.1] AndroidManifest.xml:31:5-81
	android:name
		ADDED from src\main\AndroidManifest.xml:31:22-78
application
ADDED from src\main\AndroidManifest.xml:33:5-200:19
MERGED from [com.android.support:design:26.1.0] AndroidManifest.xml:25:5-29:19
MERGED from [com.android.support:design:26.1.0] AndroidManifest.xml:25:5-29:19
MERGED from [com.allenliu.versionchecklib:library:1.6.7] AndroidManifest.xml:16:5-40:19
MERGED from [com.allenliu.versionchecklib:library:1.6.7] AndroidManifest.xml:16:5-40:19
MERGED from [com.github.fangx:haorefresh:1.0] AndroidManifest.xml:11:5-15:19
MERGED from [com.github.fangx:haorefresh:1.0] AndroidManifest.xml:11:5-15:19
MERGED from [com.wang.avi:library:1.0.1] AndroidManifest.xml:11:5-14:19
MERGED from [com.wang.avi:library:1.0.1] AndroidManifest.xml:11:5-14:19
MERGED from [com.github.eschao:android-PageFlip:1.0.2] AndroidManifest.xml:11:5-15:19
MERGED from [com.github.eschao:android-PageFlip:1.0.2] AndroidManifest.xml:11:5-15:19
MERGED from [com.android.support:appcompat-v7:26.1.0] AndroidManifest.xml:25:5-29:19
MERGED from [com.android.support:appcompat-v7:26.1.0] AndroidManifest.xml:25:5-29:19
MERGED from [com.android.support:recyclerview-v7:26.1.0] AndroidManifest.xml:22:5-26:19
MERGED from [com.android.support:recyclerview-v7:26.1.0] AndroidManifest.xml:22:5-26:19
MERGED from [com.google.android.gms:play-services-places:10.2.1] AndroidManifest.xml:18:5-19
MERGED from [com.google.android.gms:play-services-places:10.2.1] AndroidManifest.xml:18:5-19
MERGED from [com.google.android.gms:play-services-maps:10.2.1] AndroidManifest.xml:24:5-19
MERGED from [com.google.android.gms:play-services-maps:10.2.1] AndroidManifest.xml:24:5-19
MERGED from [com.tencent.bugly:crashreport_upgrade:1.3.4] AndroidManifest.xml:19:5-205:19
MERGED from [com.tencent.bugly:crashreport_upgrade:1.3.4] AndroidManifest.xml:19:5-205:19
MERGED from [com.google.maps.android:android-maps-utils:0.4.4] AndroidManifest.xml:7:5-11:19
MERGED from [com.google.maps.android:android-maps-utils:0.4.4] AndroidManifest.xml:7:5-11:19
MERGED from [com.github.yuweiguocn:GreenDaoUpgradeHelper:v1.3.0] AndroidManifest.xml:11:5-14:19
MERGED from [com.github.yuweiguocn:GreenDaoUpgradeHelper:v1.3.0] AndroidManifest.xml:11:5-14:19
MERGED from [cn.jiguang.sdk:jpush:3.1.1] AndroidManifest.xml:37:5-131:19
MERGED from [cn.jiguang.sdk:jpush:3.1.1] AndroidManifest.xml:37:5-131:19
MERGED from [cn.jiguang.sdk:jcore:1.1.9] AndroidManifest.xml:11:5-12:19
MERGED from [cn.jiguang.sdk:jcore:1.1.9] AndroidManifest.xml:11:5-12:19
MERGED from [com.android.support:cardview-v7:23.1.1] AndroidManifest.xml:22:5-20
MERGED from [com.android.support:cardview-v7:23.1.1] AndroidManifest.xml:22:5-20
MERGED from [com.android.support.constraint:constraint-layout:1.0.2] AndroidManifest.xml:9:5-20
MERGED from [com.android.support.constraint:constraint-layout:1.0.2] AndroidManifest.xml:9:5-20
MERGED from [com.android.support:transition:26.1.0] AndroidManifest.xml:22:5-26:19
MERGED from [com.android.support:transition:26.1.0] AndroidManifest.xml:22:5-26:19
MERGED from [com.android.support:animated-vector-drawable:26.1.0] AndroidManifest.xml:22:5-26:19
MERGED from [com.android.support:animated-vector-drawable:26.1.0] AndroidManifest.xml:22:5-26:19
MERGED from [com.android.support:support-vector-drawable:26.1.0] AndroidManifest.xml:22:5-26:19
MERGED from [com.android.support:support-vector-drawable:26.1.0] AndroidManifest.xml:22:5-26:19
MERGED from [com.google.android.gms:play-services-base:10.2.1] AndroidManifest.xml:18:5-20:19
MERGED from [com.google.android.gms:play-services-base:10.2.1] AndroidManifest.xml:18:5-20:19
MERGED from [com.google.android.gms:play-services-tasks:10.2.1] AndroidManifest.xml:4:5-19
MERGED from [com.google.android.gms:play-services-tasks:10.2.1] AndroidManifest.xml:4:5-19
MERGED from [com.google.android.gms:play-services-basement:10.2.1] AndroidManifest.xml:19:5-21:19
MERGED from [com.google.android.gms:play-services-basement:10.2.1] AndroidManifest.xml:19:5-21:19
MERGED from [com.android.support:support-v4:26.1.0] AndroidManifest.xml:25:5-29:19
MERGED from [com.android.support:support-v4:26.1.0] AndroidManifest.xml:25:5-29:19
MERGED from [com.android.support:support-fragment:26.1.0] AndroidManifest.xml:25:5-29:19
MERGED from [com.android.support:support-fragment:26.1.0] AndroidManifest.xml:25:5-29:19
MERGED from [com.android.support:support-core-ui:26.1.0] AndroidManifest.xml:25:5-29:19
MERGED from [com.android.support:support-core-ui:26.1.0] AndroidManifest.xml:25:5-29:19
MERGED from [com.android.support:support-media-compat:26.1.0] AndroidManifest.xml:25:5-29:19
MERGED from [com.android.support:support-media-compat:26.1.0] AndroidManifest.xml:25:5-29:19
MERGED from [com.android.support:support-core-utils:26.1.0] AndroidManifest.xml:25:5-29:19
MERGED from [com.android.support:support-core-utils:26.1.0] AndroidManifest.xml:25:5-29:19
MERGED from [com.android.support:support-compat:26.1.0] AndroidManifest.xml:25:5-29:19
MERGED from [com.android.support:support-compat:26.1.0] AndroidManifest.xml:25:5-29:19
MERGED from [android.arch.lifecycle:runtime:1.0.0] AndroidManifest.xml:24:5-28:19
MERGED from [android.arch.lifecycle:runtime:1.0.0] AndroidManifest.xml:24:5-28:19
	android:supportsRtl
		ADDED from src\main\AndroidManifest.xml:39:9-35
	android:label
		ADDED from src\main\AndroidManifest.xml:37:9-41
	android:roundIcon
		ADDED from src\main\AndroidManifest.xml:38:9-54
	android:icon
		ADDED from src\main\AndroidManifest.xml:36:9-43
	android:allowBackup
		ADDED from src\main\AndroidManifest.xml:35:9-35
	android:theme
		ADDED from src\main\AndroidManifest.xml:40:9-52
	android:name
		ADDED from src\main\AndroidManifest.xml:34:9-28
activity#com.example.cheng.android.MainActivity
ADDED from src\main\AndroidManifest.xml:41:9-47:20
	android:name
		ADDED from src\main\AndroidManifest.xml:41:19-47
intent-filter#android.intent.action.MAIN+android.intent.category.LAUNCHER
ADDED from src\main\AndroidManifest.xml:42:13-46:29
action#android.intent.action.MAIN
ADDED from src\main\AndroidManifest.xml:43:17-69
	android:name
		ADDED from src\main\AndroidManifest.xml:43:25-66
category#android.intent.category.LAUNCHER
ADDED from src\main\AndroidManifest.xml:45:17-77
	android:name
		ADDED from src\main\AndroidManifest.xml:45:27-74
activity#com.example.cheng.android.activity.CircleProgressViewActivity
ADDED from src\main\AndroidManifest.xml:48:9-73
	android:name
		ADDED from src\main\AndroidManifest.xml:48:19-70
activity#com.example.cheng.android.activity.VideoActivity
ADDED from src\main\AndroidManifest.xml:49:9-52:52
	android:screenOrientation
		ADDED from src\main\AndroidManifest.xml:52:13-49
	android:configChanges
		ADDED from src\main\AndroidManifest.xml:51:13-74
	android:name
		ADDED from src\main\AndroidManifest.xml:50:13-51
meta-data#UMENG_APPKEY
ADDED from src\main\AndroidManifest.xml:54:9-56:56
	android:value
		ADDED from src\main\AndroidManifest.xml:56:13-53
	android:name
		ADDED from src\main\AndroidManifest.xml:55:13-40
meta-data#UMENG_CHANNEL
ADDED from src\main\AndroidManifest.xml:57:9-59:42
	android:value
		ADDED from src\main\AndroidManifest.xml:59:13-39
	android:name
		ADDED from src\main\AndroidManifest.xml:58:13-41
meta-data#EASEMOB_APPKEY
ADDED from src\main\AndroidManifest.xml:62:9-64:52
	android:value
		ADDED from src\main\AndroidManifest.xml:64:13-49
	android:name
		ADDED from src\main\AndroidManifest.xml:63:13-42
service#com.hyphenate.chat.EMChatService
ADDED from src\main\AndroidManifest.xml:66:9-68:39
	android:exported
		ADDED from src\main\AndroidManifest.xml:68:13-36
	android:name
		ADDED from src\main\AndroidManifest.xml:67:13-60
service#com.hyphenate.chat.EMJobService
ADDED from src\main\AndroidManifest.xml:69:9-72:72
	android:exported
		ADDED from src\main\AndroidManifest.xml:71:13-36
	android:permission
		ADDED from src\main\AndroidManifest.xml:72:13-69
	android:name
		ADDED from src\main\AndroidManifest.xml:70:13-59
receiver#com.hyphenate.chat.EMMonitorReceiver
ADDED from src\main\AndroidManifest.xml:74:9-85:20
	android:name
		ADDED from src\main\AndroidManifest.xml:74:19-70
intent-filter#android.intent.action.PACKAGE_REMOVED
ADDED from src\main\AndroidManifest.xml:75:13-79:29
action#android.intent.action.PACKAGE_REMOVED
ADDED from src\main\AndroidManifest.xml:76:17-80
	android:name
		ADDED from src\main\AndroidManifest.xml:76:25-77
data
ADDED from src\main\AndroidManifest.xml:78:17-50
	android:scheme
		ADDED from src\main\AndroidManifest.xml:78:23-47
intent-filter#android.intent.action.BOOT_COMPLETED+android.intent.action.USER_PRESENT
ADDED from src\main\AndroidManifest.xml:81:13-84:29
action#android.intent.action.BOOT_COMPLETED
ADDED from src\main\AndroidManifest.xml:82:17-79
	android:name
		ADDED from src\main\AndroidManifest.xml:82:25-76
action#android.intent.action.USER_PRESENT
ADDED from src\main\AndroidManifest.xml:83:17-77
	android:name
		ADDED from src\main\AndroidManifest.xml:83:25-74
activity#com.example.cheng.android.huanxin.HuanXinMainActivity
ADDED from src\main\AndroidManifest.xml:87:9-65
	android:name
		ADDED from src\main\AndroidManifest.xml:87:19-62
activity#com.example.cheng.android.huanxin.FriendListActivity
ADDED from src\main\AndroidManifest.xml:88:9-64
	android:name
		ADDED from src\main\AndroidManifest.xml:88:19-61
activity#com.example.cheng.android.Thead.TheadActivity
ADDED from src\main\AndroidManifest.xml:89:9-57
	android:name
		ADDED from src\main\AndroidManifest.xml:89:19-54
activity#com.example.cheng.android.Thead.Main2SubTheadActivity
ADDED from src\main\AndroidManifest.xml:90:9-65
	android:name
		ADDED from src\main\AndroidManifest.xml:90:19-62
activity#com.example.cheng.android.Thead.SubTheadMessageActivity
ADDED from src\main\AndroidManifest.xml:91:9-67
	android:name
		ADDED from src\main\AndroidManifest.xml:91:19-64
activity#com.example.cheng.android.shijian.Activity.ScrollViewForListViewActivity
ADDED from src\main\AndroidManifest.xml:92:9-84
	android:name
		ADDED from src\main\AndroidManifest.xml:92:19-81
activity#com.example.cheng.android.shijian.Activity.ShijianActivity
ADDED from src\main\AndroidManifest.xml:93:9-70
	android:name
		ADDED from src\main\AndroidManifest.xml:93:19-67
activity#com.example.cheng.android.view.ViewActivity
ADDED from src\main\AndroidManifest.xml:94:9-55
	android:name
		ADDED from src\main\AndroidManifest.xml:94:19-52
activity#com.example.cheng.android.view.ViewGroupActivity
ADDED from src\main\AndroidManifest.xml:95:9-60
	android:name
		ADDED from src\main\AndroidManifest.xml:95:19-57
activity#com.example.cheng.android.Listview.ListViewActivity
ADDED from src\main\AndroidManifest.xml:96:9-63
	android:name
		ADDED from src\main\AndroidManifest.xml:96:19-60
activity#com.example.cheng.android.RecyclerView.RecyclerViewActivity
ADDED from src\main\AndroidManifest.xml:97:9-71
	android:name
		ADDED from src\main\AndroidManifest.xml:97:19-68
activity#com.example.cheng.android.RecyclerView.RecyclerViewActivity2
ADDED from src\main\AndroidManifest.xml:98:9-72
	android:name
		ADDED from src\main\AndroidManifest.xml:98:19-69
activity#com.example.cheng.android.Scroll.AndroidScrollActivity
ADDED from src\main\AndroidManifest.xml:99:9-66
	android:name
		ADDED from src\main\AndroidManifest.xml:99:19-63
activity#com.example.cheng.android.Scroll.ScorllActivity
ADDED from src\main\AndroidManifest.xml:100:9-59
	android:name
		ADDED from src\main\AndroidManifest.xml:100:19-56
activity#com.example.cheng.android.Permission.PermissionActivity
ADDED from src\main\AndroidManifest.xml:101:9-67
	android:name
		ADDED from src\main\AndroidManifest.xml:101:19-64
activity#com.example.cheng.android.Permission.PermissionUtilsActivity
ADDED from src\main\AndroidManifest.xml:102:9-105:59
	android:label
		ADDED from src\main\AndroidManifest.xml:104:13-68
	android:theme
		ADDED from src\main\AndroidManifest.xml:105:13-56
	android:name
		ADDED from src\main\AndroidManifest.xml:103:13-63
activity#com.example.cheng.android.google.GoogleActivity
ADDED from src\main\AndroidManifest.xml:106:9-59
	android:name
		ADDED from src\main\AndroidManifest.xml:106:19-56
meta-data#com.google.android.geo.API_KEY
ADDED from src\main\AndroidManifest.xml:108:9-110:71
	android:value
		ADDED from src\main\AndroidManifest.xml:110:13-68
	android:name
		ADDED from src\main\AndroidManifest.xml:109:13-58
activity#com.example.cheng.android.google.SimpleFragmentModeActivity
ADDED from src\main\AndroidManifest.xml:112:9-71
	android:name
		ADDED from src\main\AndroidManifest.xml:112:19-68
activity#com.example.cheng.android.google.LuxianActivity
ADDED from src\main\AndroidManifest.xml:113:9-59
	android:name
		ADDED from src\main\AndroidManifest.xml:113:19-56
activity#com.tencent.bugly.beta.ui.BetaActivity
ADDED from src\main\AndroidManifest.xml:114:9-117:64
MERGED from [com.tencent.bugly:crashreport_upgrade:1.3.4] AndroidManifest.xml:22:9-26:56
MERGED from [com.tencent.bugly:crashreport_upgrade:1.3.4] AndroidManifest.xml:22:9-26:56
	android:configChanges
		ADDED from src\main\AndroidManifest.xml:116:13-81
	android:theme
		ADDED from src\main\AndroidManifest.xml:117:13-61
	tools:replace
		ADDED from [com.tencent.bugly:crashreport_upgrade:1.3.4] AndroidManifest.xml:26:13-53
	android:name
		ADDED from src\main\AndroidManifest.xml:115:13-66
activity#com.example.cheng.android.bugly.BuglyActivity
ADDED from src\main\AndroidManifest.xml:129:9-57
	android:name
		ADDED from src\main\AndroidManifest.xml:129:19-54
activity#com.example.cheng.android.Okgo.OKGoActivity
ADDED from src\main\AndroidManifest.xml:130:9-55
	android:name
		ADDED from src\main\AndroidManifest.xml:130:19-52
activity#com.example.cheng.GreenDao.GreenDaoActivity
ADDED from src\main\AndroidManifest.xml:131:9-80
	android:name
		ADDED from src\main\AndroidManifest.xml:131:19-77
activity#com.example.cheng.android.UI.UIActivity
ADDED from src\main\AndroidManifest.xml:132:9-51
	android:name
		ADDED from src\main\AndroidManifest.xml:132:19-48
activity#com.example.cheng.android.UI.ViewStubActivity
ADDED from src\main\AndroidManifest.xml:133:9-57
	android:name
		ADDED from src\main\AndroidManifest.xml:133:19-54
activity#com.example.cheng.android.UI.mergeActivity
ADDED from src\main\AndroidManifest.xml:134:9-54
	android:name
		ADDED from src\main\AndroidManifest.xml:134:19-51
activity#com.example.cheng.android.UI.CompoundDrawableActivity
ADDED from src\main\AndroidManifest.xml:135:9-65
	android:name
		ADDED from src\main\AndroidManifest.xml:135:19-62
activity#com.example.cheng.android.CheckVersion.CheckVersionActivity
ADDED from src\main\AndroidManifest.xml:136:9-71
	android:name
		ADDED from src\main\AndroidManifest.xml:136:19-68
service#com.example.cheng.android.CheckVersion.DemoService
ADDED from src\main\AndroidManifest.xml:138:9-141:39
	android:enabled
		ADDED from src\main\AndroidManifest.xml:140:13-35
	android:exported
		ADDED from src\main\AndroidManifest.xml:141:13-36
	android:name
		ADDED from src\main\AndroidManifest.xml:139:13-53
activity#com.example.cheng.android.Volley.VolleyActivity
ADDED from src\main\AndroidManifest.xml:143:9-59
	android:name
		ADDED from src\main\AndroidManifest.xml:143:19-56
service#cn.jpush.android.service.PushService
ADDED from src\main\AndroidManifest.xml:145:9-148:36
REJECTED from [cn.jiguang.sdk:jpush:3.1.1] AndroidManifest.xml:60:9-71:19
	tools:node
		ADDED from src\main\AndroidManifest.xml:148:13-33
	android:process
		ADDED from src\main\AndroidManifest.xml:147:13-44
	android:name
		ADDED from src\main\AndroidManifest.xml:146:13-64
activity#com.example.cheng.android.Service.ServiceActivity
ADDED from src\main\AndroidManifest.xml:150:9-61
	android:name
		ADDED from src\main\AndroidManifest.xml:150:19-58
service#com.example.cheng.android.Service.TestTwoService
ADDED from src\main\AndroidManifest.xml:152:9-59
	android:name
		ADDED from src\main\AndroidManifest.xml:152:18-56
service#com.example.cheng.android.Service.TestOnceService
ADDED from src\main\AndroidManifest.xml:153:9-156:39
	android:enabled
		ADDED from src\main\AndroidManifest.xml:155:13-35
	android:exported
		ADDED from src\main\AndroidManifest.xml:156:13-36
	android:name
		ADDED from src\main\AndroidManifest.xml:154:13-52
service#com.example.cheng.android.Service.IPCService
ADDED from src\main\AndroidManifest.xml:157:9-55
	android:name
		ADDED from src\main\AndroidManifest.xml:157:18-52
activity#com.example.cheng.android.BaseBottom.BaseBottomViewActivity
ADDED from src\main\AndroidManifest.xml:159:9-71
	android:name
		ADDED from src\main\AndroidManifest.xml:159:19-68
activity#com.example.cheng.android.Test.TestActivity
ADDED from src\main\AndroidManifest.xml:160:9-55
	android:name
		ADDED from src\main\AndroidManifest.xml:160:19-52
activity#com.example.cheng.android.view.CanvaActivity
ADDED from src\main\AndroidManifest.xml:161:9-56
	android:name
		ADDED from src\main\AndroidManifest.xml:161:19-53
activity#com.example.cheng.android.Handler.HandlerMainActivity
ADDED from src\main\AndroidManifest.xml:162:9-65
	android:name
		ADDED from src\main\AndroidManifest.xml:162:19-62
activity#com.example.cheng.android.Handler.HanlderListActivity
ADDED from src\main\AndroidManifest.xml:163:9-65
	android:name
		ADDED from src\main\AndroidManifest.xml:163:19-62